<?xml version="1.0" encoding="UTF-8" ?>
<testsuites>
  <testsuite errors="0" failures="0" hostname="sreekarj" id="0" name="AllTests" package="tests" skipped="0" tests="4" time="71.807" timestamp="2014-09-10T06:02:05">
      <properties>
[...]
</properties>

      <testcase classname="tests.FacebookTest" name="test" time="25.795" />

      <testcase classname="tests.GmailTest" name="test" time="13.814" />

      <testcase classname="tests.GmailTest" name="test1" time="14.031" />

      <testcase classname="tests.YahooTest" name="test" time="17.891" />

      <system-out><![CDATA[Online Shopping India - Shop Online for Books, Mobile Phones, Digital Cameras, Watches & More at Flipkart.com
Gmail
Google
Yahoo India
]]></system-out>

      <system-err><![CDATA[log4j:WARN No appenders could be found for logger (org.apache.http.client.protocol.RequestAddCookies).
log4j:WARN Please initialize the log4j system properly.
log4j:WARN See http://logging.apache.org/log4j/1.2/faq.html#noconfig for more info.
]]></system-err>

  </testsuite>
</testsuites>
